# JRE version: OpenJDK Runtime Environment (8.0_202) (build 1.8.0_202-release-1483-b49-5587405)
# Java VM: OpenJDK 64-Bit Server VM (25.202-b49-5587405 mixed mode linux-amd64 compressed oops)
Heap:
 PSYoungGen      total 342528K, used 0K [0x00000000e0000000, 0x0000000100000000, 0x0000000100000000)
  eden space 178176K, 0% used [0x00000000e0000000,0x00000000e0000000,0x00000000eae00000)
  from space 164352K, 0% used [0x00000000eae00000,0x00000000eae00000,0x00000000f4e80000)
  to   space 159232K, 0% used [0x00000000f6480000,0x00000000f6480000,0x0000000100000000)
 ParOldGen       total 196608K, used 100287K [0x00000000a0000000, 0x00000000ac000000, 0x00000000e0000000)
  object space 196608K, 51% used [0x00000000a0000000,0x00000000a61efdc8,0x00000000ac000000)
 Metaspace       used 98485K, capacity 103582K, committed 109912K, reserved 1144832K
  class space    used 12501K, capacity 13536K, committed 14464K, reserved 1048576K
GC Heap History (10 events):
Event: 8940.774 GC heap after
Heap after GC invocations=37 (full 4):
 PSYoungGen      total 346112K, used 115528K [0x00000000e0000000, 0x0000000100000000, 0x0000000100000000)
  eden space 230400K, 0% used [0x00000000e0000000,0x00000000e0000000,0x00000000ee100000)
  from space 115712K, 99% used [0x00000000ee100000,0x00000000f51d2150,0x00000000f5200000)
  to   space 159744K, 0% used [0x00000000f6400000,0x00000000f6400000,0x0000000100000000)
 ParOldGen       total 196608K, used 90944K [0x00000000a0000000, 0x00000000ac000000, 0x00000000e0000000)
  object space 196608K, 46% used [0x00000000a0000000,0x00000000a58d02a0,0x00000000ac000000)
 Metaspace       used 104073K, capacity 109172K, committed 109272K, reserved 1144832K
  class space    used 13253K, capacity 14295K, committed 14336K, reserved 1048576K
}
Event: 8942.036 GC heap before
{Heap before GC invocations=38 (full 4):
 PSYoungGen      total 346112K, used 342949K [0x00000000e0000000, 0x0000000100000000, 0x0000000100000000)
  eden space 230400K, 98% used [0x00000000e0000000,0x00000000ede17568,0x00000000ee100000)
  from space 115712K, 99% used [0x00000000ee100000,0x00000000f51d2150,0x00000000f5200000)
  to   space 159744K, 0% used [0x00000000f6400000,0x00000000f6400000,0x0000000100000000)
 ParOldGen       total 196608K, used 90944K [0x00000000a0000000, 0x00000000ac000000, 0x00000000e0000000)
  object space 196608K, 46% used [0x00000000a0000000,0x00000000a58d02a0,0x00000000ac000000)
 Metaspace       used 104116K, capacity 109250K, committed 109528K, reserved 1144832K
  class space    used 13254K, capacity 14296K, committed 14336K, reserved 1048576K
Event: 8942.186 GC heap after
Heap after GC invocations=38 (full 4):
 PSYoungGen      total 334848K, used 143796K [0x00000000e0000000, 0x0000000100000000, 0x0000000100000000)
  eden space 175104K, 0% used [0x00000000e0000000,0x00000000e0000000,0x00000000eab00000)
  from space 159744K, 90% used [0x00000000f6400000,0x00000000ff06d210,0x0000000100000000)
  to   space 174592K, 0% used [0x00000000eab00000,0x00000000eab00000,0x00000000f5580000)
 ParOldGen       total 196608K, used 98638K [0x00000000a0000000, 0x00000000ac000000, 0x00000000e0000000)
  object space 196608K, 50% used [0x00000000a0000000,0x00000000a6053b60,0x00000000ac000000)
 Metaspace       used 104116K, capacity 109250K, committed 109528K, reserved 1144832K
  class space    used 13254K, capacity 14296K, committed 14336K, reserved 1048576K
}
Event: 8947.116 GC heap before
{Heap before GC invocations=39 (full 4):
 PSYoungGen      total 334848K, used 318900K [0x00000000e0000000, 0x0000000100000000, 0x0000000100000000)
  eden space 175104K, 100% used [0x00000000e0000000,0x00000000eab00000,0x00000000eab00000)
  from space 159744K, 90% used [0x00000000f6400000,0x00000000ff06d210,0x0000000100000000)
  to   space 174592K, 0% used [0x00000000eab00000,0x00000000eab00000,0x00000000f5580000)
 ParOldGen       total 196608K, used 98638K [0x00000000a0000000, 0x00000000ac000000, 0x00000000e0000000)
  object space 196608K, 50% used [0x00000000a0000000,0x00000000a6053b60,0x00000000ac000000)
 Metaspace       used 104251K, capacity 109470K, committed 109656K, reserved 1144832K
  class space    used 13268K, capacity 14322K, committed 14464K, reserved 1048576K
Event: 8947.307 GC heap after
Heap after GC invocations=39 (full 4):
 PSYoungGen      total 349696K, used 56111K [0x00000000e0000000, 0x0000000100000000, 0x0000000100000000)
  eden space 175104K, 0% used [0x00000000e0000000,0x00000000e0000000,0x00000000eab00000)
  from space 174592K, 32% used [0x00000000eab00000,0x00000000ee1cbc38,0x00000000f5580000)
  to   space 171520K, 0% used [0x00000000f5880000,0x00000000f5880000,0x0000000100000000)
 ParOldGen       total 196608K, used 144366K [0x00000000a0000000, 0x00000000ac000000, 0x00000000e0000000)
  object space 196608K, 73% used [0x00000000a0000000,0x00000000a8cfbb38,0x00000000ac000000)
 Metaspace       used 104251K, capacity 109470K, committed 109656K, reserved 1144832K
  class space    used 13268K, capacity 14322K, committed 14464K, reserved 1048576K
}
Event: 8949.956 GC heap before
{Heap before GC invocations=40 (full 4):
 PSYoungGen      total 349696K, used 231215K [0x00000000e0000000, 0x0000000100000000, 0x0000000100000000)
  eden space 175104K, 100% used [0x00000000e0000000,0x00000000eab00000,0x00000000eab00000)
  from space 174592K, 32% used [0x00000000eab00000,0x00000000ee1cbc38,0x00000000f5580000)
  to   space 171520K, 0% used [0x00000000f5880000,0x00000000f5880000,0x0000000100000000)
 ParOldGen       total 196608K, used 144366K [0x00000000a0000000, 0x00000000ac000000, 0x00000000e0000000)
  object space 196608K, 73% used [0x00000000a0000000,0x00000000a8cfbb38,0x00000000ac000000)
 Metaspace       used 104308K, capacity 109528K, committed 109912K, reserved 1144832K
  class space    used 13273K, capacity 14331K, committed 14464K, reserved 1048576K
Event: 8950.283 GC heap after
Heap after GC invocations=40 (full 4):
 PSYoungGen      total 332288K, used 78068K [0x00000000e0000000, 0x00000000fef00000, 0x0000000100000000)
  eden space 178176K, 0% used [0x00000000e0000000,0x00000000e0000000,0x00000000eae00000)
  from space 154112K, 50% used [0x00000000f5880000,0x00000000fa4bd2b0,0x00000000fef00000)
  to   space 164352K, 0% used [0x00000000eae00000,0x00000000eae00000,0x00000000f4e80000)
 ParOldGen       total 196608K, used 157610K [0x00000000a0000000, 0x00000000ac000000, 0x00000000e0000000)
  object space 196608K, 80% used [0x00000000a0000000,0x00000000a99ea860,0x00000000ac000000)
 Metaspace       used 104308K, capacity 109528K, committed 109912K, reserved 1144832K
  class space    used 13273K, capacity 14331K, committed 14464K, reserved 1048576K
}
Event: 8950.961 GC heap before
{Heap before GC invocations=41 (full 4):
 PSYoungGen      total 332288K, used 253705K [0x00000000e0000000, 0x00000000fef00000, 0x0000000100000000)
  eden space 178176K, 98% used [0x00000000e0000000,0x00000000eab85408,0x00000000eae00000)
  from space 154112K, 50% used [0x00000000f5880000,0x00000000fa4bd2b0,0x00000000fef00000)
  to   space 164352K, 0% used [0x00000000eae00000,0x00000000eae00000,0x00000000f4e80000)
 ParOldGen       total 196608K, used 157610K [0x00000000a0000000, 0x00000000ac000000, 0x00000000e0000000)
  object space 196608K, 80% used [0x00000000a0000000,0x00000000a99ea860,0x00000000ac000000)
 Metaspace       used 104309K, capacity 109528K, committed 109912K, reserved 1144832K
  class space    used 13273K, capacity 14331K, committed 14464K, reserved 1048576K
Event: 8951.162 GC heap after
Heap after GC invocations=41 (full 4):
 PSYoungGen      total 342528K, used 45887K [0x00000000e0000000, 0x0000000100000000, 0x0000000100000000)
  eden space 178176K, 0% used [0x00000000e0000000,0x00000000e0000000,0x00000000eae00000)
  from space 164352K, 27% used [0x00000000eae00000,0x00000000edacff70,0x00000000f4e80000)
  to   space 159232K, 0% used [0x00000000f6480000,0x00000000f6480000,0x0000000100000000)
 ParOldGen       total 196608K, used 194405K [0x00000000a0000000, 0x00000000ac000000, 0x00000000e0000000)
  object space 196608K, 98% used [0x00000000a0000000,0x00000000abdd94d0,0x00000000ac000000)
 Metaspace       used 104309K, capacity 109528K, committed 109912K, reserved 1144832K
  class space    used 13273K, capacity 14331K, committed 14464K, reserved 1048576K
}
Event: 8951.300 GC heap before
{Heap before GC invocations=42 (full 5):
 PSYoungGen      total 342528K, used 45887K [0x00000000e0000000, 0x0000000100000000, 0x0000000100000000)
  eden space 178176K, 0% used [0x00000000e0000000,0x00000000e0000000,0x00000000eae00000)
  from space 164352K, 27% used [0x00000000eae00000,0x00000000edacff70,0x00000000f4e80000)
  to   space 159232K, 0% used [0x00000000f6480000,0x00000000f6480000,0x0000000100000000)
 ParOldGen       total 196608K, used 194405K [0x00000000a0000000, 0x00000000ac000000, 0x00000000e0000000)
  object space 196608K, 98% used [0x00000000a0000000,0x00000000abdd94d0,0x00000000ac000000)
 Metaspace       used 104309K, capacity 109528K, committed 109912K, reserved 1144832K
  class space    used 13273K, capacity 14331K, committed 14464K, reserved 1048576K

